<?xml version="1.0" encoding="UTF-8" ?>
<testsuite tests="5" failures="0" name="org.tektutor.RPNCalculatorTest" time="0.009" errors="0" skipped="0">
  <properties>
[...]
</properties>
  <testcase classname="org.tektutor.RPNCalculatorTest" name="testSimpleMultiplication" time="0.009"/>
  <testcase classname="org.tektutor.RPNCalculatorTest" name="testSimpleAddition" time="0"/>
  <testcase classname="org.tektutor.RPNCalculatorTest" name="testSimpleSubtraction" time="0"/>
  <testcase classname="org.tektutor.RPNCalculatorTest" name="testSimpleDivision" time="0"/>
  <testcase classname="org.tektutor.RPNCalculatorTest" name="testComplexRPNMathExpression" time="0"/>
</testsuite>